<?xml version="1.0" encoding="UTF-8"?>
<!-- Generated by org.testng.reporters.JUnitXMLReporter -->
<testsuite ignored="1" hostname="LAPTOP-RAQOTQJ9" failures="0" tests="2" name="Automation" time="51.239" errors="0" timestamp="2024-08-03T01:28:10 BDT">
  <testcase classname="Tests.LoginPageTest" name="loginTest" time="29.662"/>
  <testcase classname="Tests.RegistationPageTest" name="callRegitation" time="12.521"/>
  <testcase classname="Drivers.BaseDriver" name="@BeforeSuite setBrowser" time="0.0">
    <ignored/>
  </testcase> <!-- @BeforeSuite setBrowser -->
</testsuite> <!-- Automation -->
