<?xml version="1.0" encoding="UTF-8"?>
<!-- Generated by org.testng.reporters.JUnitXMLReporter -->
<testsuite ignored="2" hostname="LAPTOP-RAQOTQJ9" failures="0" tests="3" name="Automation" time="71.535" errors="0" timestamp="2024-08-10T10:15:55 BDT">
  <testcase classname="Tests.LoginPageTest" name="loginTest" time="18.519"/>
  <testcase classname="Tests.RegistationPageTest" name="callRegitation" time="16.246"/>
  <testcase classname="Tests.demoSiteTest" name="demoSiteRun" time="29.991"/>
  <testcase classname="Drivers.BaseDriver" name="@BeforeSuite setBrowser" time="0.0">
    <ignored/>
  </testcase> <!-- @BeforeSuite setBrowser -->
  <testcase classname="Drivers.BaseDriver" name="@BeforeSuite setBrowser" time="0.0">
    <ignored/>
  </testcase> <!-- @BeforeSuite setBrowser -->
</testsuite> <!-- Automation -->
