<?xml version="1.0" encoding="UTF-8"?>
<testng-results ignored="0" total="2" passed="2" failed="0" skipped="0">
  <reporter-output>
  </reporter-output>
  <suite started-at="2024-08-03T01:27:18 BDT" name="suite" finished-at="2024-08-03T01:28:10 BDT" duration-ms="51239">
    <groups>
    </groups>
    <test started-at="2024-08-03T01:27:18 BDT" name="Automation" finished-at="2024-08-03T01:28:10 BDT" duration-ms="51239">
      <class name="Tests.RegistationPageTest">
        <test-method is-config="true" signature="openUrl()[pri:0, instance:Tests.RegistationPageTest@489115ef]" started-at="2024-08-03T01:27:53 BDT" name="openUrl" finished-at="2024-08-03T01:27:57 BDT" duration-ms="3776" status="PASS">
          <reporter-output>
          </reporter-output>
        </test-method> <!-- openUrl -->
        <test-method signature="callRegitation()[pri:1, instance:Tests.RegistationPageTest@489115ef]" started-at="2024-08-03T01:27:57 BDT" name="callRegitation" finished-at="2024-08-03T01:28:09 BDT" duration-ms="12521" status="PASS">
          <reporter-output>
          </reporter-output>
        </test-method> <!-- callRegitation -->
        <test-method is-config="true" signature="report()[pri:0, instance:Tests.RegistationPageTest@489115ef]" started-at="2024-08-03T01:28:09 BDT" name="report" finished-at="2024-08-03T01:28:10 BDT" duration-ms="251" status="PASS">
          <reporter-output>
          </reporter-output>
        </test-method> <!-- report -->
      </class> <!-- Tests.RegistationPageTest -->
      <class name="Tests.LoginPageTest">
        <test-method is-config="true" signature="setBrowser()[pri:0, instance:Tests.LoginPageTest@4116aac9]" started-at="2024-08-03T01:27:17 BDT" name="setBrowser" finished-at="2024-08-03T01:27:18 BDT" duration-ms="1696" status="PASS">
          <reporter-output>
          </reporter-output>
        </test-method> <!-- setBrowser -->
        <test-method is-config="true" signature="openUrl()[pri:0, instance:Tests.LoginPageTest@4116aac9]" started-at="2024-08-03T01:27:18 BDT" name="openUrl" finished-at="2024-08-03T01:27:23 BDT" duration-ms="4288" status="PASS">
          <reporter-output>
          </reporter-output>
        </test-method> <!-- openUrl -->
        <test-method signature="loginTest()[pri:0, instance:Tests.LoginPageTest@4116aac9]" started-at="2024-08-03T01:27:23 BDT" name="loginTest" finished-at="2024-08-03T01:27:52 BDT" duration-ms="29662" status="PASS">
          <reporter-output>
          </reporter-output>
        </test-method> <!-- loginTest -->
        <test-method is-config="true" signature="report()[pri:0, instance:Tests.LoginPageTest@4116aac9]" started-at="2024-08-03T01:27:52 BDT" name="report" finished-at="2024-08-03T01:27:53 BDT" duration-ms="699" status="PASS">
          <reporter-output>
          </reporter-output>
        </test-method> <!-- report -->
      </class> <!-- Tests.LoginPageTest -->
    </test> <!-- Automation -->
  </suite> <!-- suite -->
</testng-results>
