<?xml version="1.0" encoding="UTF-8"?>
<testng-results ignored="0" total="3" passed="3" failed="0" skipped="0">
  <reporter-output>
  </reporter-output>
  <suite started-at="2024-08-10T10:14:43 BDT" name="suite" finished-at="2024-08-10T10:15:55 BDT" duration-ms="71535">
    <groups>
    </groups>
    <test started-at="2024-08-10T10:14:43 BDT" name="Automation" finished-at="2024-08-10T10:15:55 BDT" duration-ms="71535">
      <class name="Tests.demoSiteTest">
        <test-method is-config="true" signature="openUrl()[pri:0, instance:Tests.demoSiteTest@710f4dc7]" started-at="2024-08-10T10:14:38 BDT" name="openUrl" finished-at="2024-08-10T10:14:43 BDT" depends-on-methods="Drivers.BaseDriver.setBrowser" duration-ms="5340" status="PASS">
          <reporter-output>
          </reporter-output>
        </test-method> <!-- openUrl -->
        <test-method signature="demoSiteRun()[pri:2, instance:Tests.demoSiteTest@710f4dc7]" started-at="2024-08-10T10:15:24 BDT" name="demoSiteRun" finished-at="2024-08-10T10:15:54 BDT" duration-ms="29991" status="PASS">
          <reporter-output>
          </reporter-output>
        </test-method> <!-- demoSiteRun -->
        <test-method is-config="true" signature="report()[pri:0, instance:Tests.demoSiteTest@710f4dc7]" started-at="2024-08-10T10:15:54 BDT" name="report" finished-at="2024-08-10T10:15:55 BDT" duration-ms="158" status="PASS">
          <reporter-output>
          </reporter-output>
        </test-method> <!-- report -->
      </class> <!-- Tests.demoSiteTest -->
      <class name="Tests.RegistationPageTest">
        <test-method is-config="true" signature="openUrl()[pri:0, instance:Tests.RegistationPageTest@198b6731]" started-at="2024-08-10T10:15:04 BDT" name="openUrl" finished-at="2024-08-10T10:15:08 BDT" duration-ms="3748" status="PASS">
          <reporter-output>
          </reporter-output>
        </test-method> <!-- openUrl -->
        <test-method signature="callRegitation()[pri:1, instance:Tests.RegistationPageTest@198b6731]" started-at="2024-08-10T10:15:08 BDT" name="callRegitation" finished-at="2024-08-10T10:15:24 BDT" duration-ms="16246" status="PASS">
          <reporter-output>
          </reporter-output>
        </test-method> <!-- callRegitation -->
        <test-method is-config="true" signature="report()[pri:0, instance:Tests.RegistationPageTest@198b6731]" started-at="2024-08-10T10:15:24 BDT" name="report" finished-at="2024-08-10T10:15:24 BDT" duration-ms="298" status="PASS">
          <reporter-output>
          </reporter-output>
        </test-method> <!-- report -->
      </class> <!-- Tests.RegistationPageTest -->
      <class name="Tests.LoginPageTest">
        <test-method is-config="true" signature="setBrowser()[pri:0, instance:Tests.LoginPageTest@74e52ef6]" started-at="2024-08-10T10:14:21 BDT" name="setBrowser" finished-at="2024-08-10T10:14:38 BDT" duration-ms="16756" status="PASS">
          <reporter-output>
          </reporter-output>
        </test-method> <!-- setBrowser -->
        <test-method is-config="true" signature="openUrl()[pri:0, instance:Tests.LoginPageTest@74e52ef6]" started-at="2024-08-10T10:14:43 BDT" name="openUrl" finished-at="2024-08-10T10:14:45 BDT" duration-ms="1788" status="PASS">
          <reporter-output>
          </reporter-output>
        </test-method> <!-- openUrl -->
        <test-method signature="loginTest()[pri:0, instance:Tests.LoginPageTest@74e52ef6]" started-at="2024-08-10T10:14:45 BDT" name="loginTest" finished-at="2024-08-10T10:15:03 BDT" duration-ms="18519" status="PASS">
          <reporter-output>
          </reporter-output>
        </test-method> <!-- loginTest -->
        <test-method is-config="true" signature="report()[pri:0, instance:Tests.LoginPageTest@74e52ef6]" started-at="2024-08-10T10:15:03 BDT" name="report" finished-at="2024-08-10T10:15:04 BDT" duration-ms="687" status="PASS">
          <reporter-output>
          </reporter-output>
        </test-method> <!-- report -->
      </class> <!-- Tests.LoginPageTest -->
    </test> <!-- Automation -->
  </suite> <!-- suite -->
</testng-results>
